2022-01-12 20:14:15,569 Pika version 1.2.0 connecting to ('127.0.0.1', 5672)
2022-01-12 20:14:15,571 Socket connected: <socket.socket fd=7, family=AddressFamily.AF_INET, type=SocketKind.SOCK_STREAM, proto=6, laddr=('127.0.0.1', 34764), raddr=('127.0.0.1', 5672)>
2022-01-12 20:14:15,572 Streaming transport linked up: (<pika.adapters.utils.io_services_utils._AsyncPlaintextTransport object at 0x7fc022e56df0>, _StreamingProtocolShim: <SelectConnection PROTOCOL transport=<pika.adapters.utils.io_services_utils._AsyncPlaintextTransport object at 0x7fc022e56df0> params=<ConnectionParameters host=localhost port=5672 virtual_host=/ ssl=False>>).
2022-01-12 20:14:15,613 AMQPConnector - reporting success: <SelectConnection OPEN transport=<pika.adapters.utils.io_services_utils._AsyncPlaintextTransport object at 0x7fc022e56df0> params=<ConnectionParameters host=localhost port=5672 virtual_host=/ ssl=False>>
2022-01-12 20:14:15,616 AMQPConnectionWorkflow - reporting success: <SelectConnection OPEN transport=<pika.adapters.utils.io_services_utils._AsyncPlaintextTransport object at 0x7fc022e56df0> params=<ConnectionParameters host=localhost port=5672 virtual_host=/ ssl=False>>
2022-01-12 20:14:15,617 Connection workflow succeeded: <SelectConnection OPEN transport=<pika.adapters.utils.io_services_utils._AsyncPlaintextTransport object at 0x7fc022e56df0> params=<ConnectionParameters host=localhost port=5672 virtual_host=/ ssl=False>>
2022-01-12 20:14:15,618 Created channel=1
2022-01-12 20:14:15,629  [x] b'Sensor3 - ESCURO!!!'
2022-01-12 20:14:15,630  [x] b'Sensor3 - ESCURO!!!'
2022-01-12 20:14:15,630  [x] b'Sensor3 - ESCURO!!!'
2022-01-12 20:14:15,631  [x] b'Sensor2 - Nao tem FUMACA!!!'
2022-01-12 20:14:15,631  [x] b'Sensor3 - ESCURO!!!'
2022-01-12 20:14:15,632  [x] b'Sensor2 - Nao tem FUMACA!!!'
2022-01-12 20:14:15,632  [x] b'Sensor1 - Nao tem FOGO!!!'
2022-01-12 20:14:15,633  [x] b'Sensor3 - ESCURO!!!'
2022-01-12 20:14:15,633  [x] b'Sensor2 - Nao tem FUMACA!!!'
2022-01-12 20:14:15,634  [x] b'Sensor1 - Nao tem FOGO!!!'
2022-01-12 20:14:15,634  [x] b'Sensor3 - ESCURO!!!'
2022-01-12 20:14:15,634  [x] b'Sensor2 - FUMACA!!!'
2022-01-12 20:14:15,635  [x] b'Sensor1 - Nao tem FOGO!!!'
2022-01-12 20:14:15,635  [x] b'Sensor3 - ESCURO!!!'
2022-01-12 20:14:15,636  [x] b'Sensor3 - ESCURO!!!'
2022-01-12 20:14:15,636  [x] b'Sensor3 - ESCURO!!!'
2022-01-12 20:14:15,637  [x] b'Sensor2 - Nao tem FUMACA!!!'
2022-01-12 20:14:15,637  [x] b'Sensor3 - ESCURO!!!'
2022-01-12 20:14:15,638  [x] b'Sensor2 - Nao tem FUMACA!!!'
2022-01-12 20:14:15,638  [x] b'Sensor1 - Nao tem FOGO!!!'
2022-01-12 20:14:15,638  [x] b'Sensor3 - ESCURO!!!'
2022-01-12 20:14:15,639  [x] b'Sensor2 - Nao tem FUMACA!!!'
2022-01-12 20:14:15,639  [x] b'Sensor1 - Nao tem FOGO!!!'
2022-01-12 20:14:15,640  [x] b'Sensor3 - ESCURO!!!'
2022-01-12 20:14:15,640  [x] b'Sensor2 - FUMACA!!!'
2022-01-12 20:14:15,641  [x] b'Sensor1 - Nao tem FOGO!!!'
2022-01-12 20:14:16,324  [x] b'Sensor3 - ESCURO!!!'
2022-01-12 20:14:16,325  [x] b'Sensor3 - ESCURO!!!'
2022-01-12 20:14:17,117  [x] b'Sensor2 - Nao tem FUMACA!!!'
2022-01-12 20:14:17,117  [x] b'Sensor2 - Nao tem FUMACA!!!'
2022-01-12 20:14:20,217  [x] b'Sensor1 - Nao tem FOGO!!!'
2022-01-12 20:14:20,217  [x] b'Sensor1 - Nao tem FOGO!!!'
2022-01-12 20:14:21,331  [x] b'Sensor3 - ESCURO!!!'
2022-01-12 20:14:21,332  [x] b'Sensor3 - ESCURO!!!'
2022-01-12 20:14:22,122  [x] b'Sensor2 - Nao tem FUMACA!!!'
2022-01-12 20:14:22,123  [x] b'Sensor2 - Nao tem FUMACA!!!'
2022-01-12 20:14:25,222  [x] b'Sensor1 - Nao tem FOGO!!!'
2022-01-12 20:14:25,223  [x] b'Sensor1 - Nao tem FOGO!!!'
2022-01-12 20:14:26,337  [x] b'Sensor3 - ESCURO!!!'
2022-01-12 20:14:26,337  [x] b'Sensor3 - ESCURO!!!'
2022-01-12 20:14:27,128  [x] b'Sensor2 - Nao tem FUMACA!!!'
2022-01-12 20:14:27,128  [x] b'Sensor2 - Nao tem FUMACA!!!'
2022-01-12 20:14:30,228  [x] b'Sensor1 - Nao tem FOGO!!!'
2022-01-12 20:14:30,229  [x] b'Sensor1 - Nao tem FOGO!!!'
2022-01-12 20:14:31,342  [x] b'Sensor3 - ESCURO!!!'
2022-01-12 20:14:31,343  [x] b'Sensor3 - ESCURO!!!'
2022-01-12 20:14:32,134  [x] b'Sensor2 - Nao tem FUMACA!!!'
2022-01-12 20:14:32,135  [x] b'Sensor2 - Nao tem FUMACA!!!'
2022-01-12 20:14:35,234  [x] b'Sensor1 - Nao tem FOGO!!!'
2022-01-12 20:14:35,234  [x] b'Sensor1 - Nao tem FOGO!!!'
2022-01-12 20:14:36,348  [x] b'Sensor3 - ESCURO!!!'
2022-01-12 20:14:36,348  [x] b'Sensor3 - ESCURO!!!'
2022-01-12 20:14:37,139  [x] b'Sensor2 - Nao tem FUMACA!!!'
2022-01-12 20:14:37,140  [x] b'Sensor2 - Nao tem FUMACA!!!'
2022-01-12 20:14:40,240  [x] b'Sensor1 - Nao tem FOGO!!!'
2022-01-12 20:14:40,240  [x] b'Sensor1 - Nao tem FOGO!!!'
2022-01-12 20:14:41,353  [x] b'Sensor3 - ESCURO!!!'
2022-01-12 20:14:41,354  [x] b'Sensor3 - ESCURO!!!'
2022-01-12 20:14:42,146  [x] b'Sensor2 - Nao tem FUMACA!!!'
2022-01-12 20:14:42,148  [x] b'Sensor2 - Nao tem FUMACA!!!'
2022-01-12 20:14:45,243  [x] b'Sensor1 - Nao tem FOGO!!!'
2022-01-12 20:14:45,244  [x] b'Sensor1 - Nao tem FOGO!!!'
2022-01-12 20:14:46,359  [x] b'Sensor3 - ESCURO!!!'
2022-01-12 20:14:46,359  [x] b'Sensor3 - ESCURO!!!'
2022-01-12 20:14:47,151  [x] b'Sensor2 - Nao tem FUMACA!!!'
2022-01-12 20:14:47,152  [x] b'Sensor2 - Nao tem FUMACA!!!'
2022-01-12 20:14:50,250  [x] b'Sensor1 - Nao tem FOGO!!!'
2022-01-12 20:14:50,250  [x] b'Sensor1 - Nao tem FOGO!!!'
2022-01-12 20:14:51,366  [x] b'Sensor3 - ESCURO!!!'
2022-01-12 20:14:51,367  [x] b'Sensor3 - ESCURO!!!'
2022-01-12 20:14:52,157  [x] b'Sensor2 - Nao tem FUMACA!!!'
2022-01-12 20:14:52,158  [x] b'Sensor2 - Nao tem FUMACA!!!'
2022-01-12 20:14:55,255  [x] b'Sensor1 - Nao tem FOGO!!!'
2022-01-12 20:14:55,255  [x] b'Sensor1 - Nao tem FOGO!!!'
2022-01-12 20:14:56,372  [x] b'Sensor3 - ESCURO!!!'
2022-01-12 20:14:56,372  [x] b'Sensor3 - ESCURO!!!'
2022-01-12 20:14:57,163  [x] b'Sensor2 - Nao tem FUMACA!!!'
2022-01-12 20:14:57,164  [x] b'Sensor2 - Nao tem FUMACA!!!'
2022-01-12 20:15:00,260  [x] b'Sensor1 - Nao tem FOGO!!!'
2022-01-12 20:15:00,260  [x] b'Sensor1 - Nao tem FOGO!!!'
2022-01-12 20:15:01,377  [x] b'Sensor3 - ESCURO!!!'
2022-01-12 20:15:01,378  [x] b'Sensor3 - ESCURO!!!'
2022-01-12 20:15:02,169  [x] b'Sensor2 - FUMACA!!!'
2022-01-12 20:15:02,170  [x] b'Sensor2 - FUMACA!!!'
2022-01-12 20:15:05,266  [x] b'Sensor1 - Nao tem FOGO!!!'
2022-01-12 20:15:05,267  [x] b'Sensor1 - Nao tem FOGO!!!'
2022-01-12 20:15:06,383  [x] b'Sensor3 - LUZ!!!'
2022-01-12 20:15:06,384  [x] b'Sensor3 - LUZ!!!'
2022-01-12 20:15:07,175  [x] b'Sensor2 - Nao tem FUMACA!!!'
2022-01-12 20:15:07,176  [x] b'Sensor2 - Nao tem FUMACA!!!'
2022-01-12 20:15:10,272  [x] b'Sensor1 - Nao tem FOGO!!!'
2022-01-12 20:15:10,272  [x] b'Sensor1 - Nao tem FOGO!!!'
2022-01-12 20:15:11,388  [x] b'Sensor3 - ESCURO!!!'
2022-01-12 20:15:11,389  [x] b'Sensor3 - ESCURO!!!'
2022-01-12 20:15:12,181  [x] b'Sensor2 - Nao tem FUMACA!!!'
2022-01-12 20:15:12,181  [x] b'Sensor2 - Nao tem FUMACA!!!'
2022-01-12 20:15:15,277  [x] b'Sensor1 - Nao tem FOGO!!!'
2022-01-12 20:15:15,278  [x] b'Sensor1 - Nao tem FOGO!!!'
2022-01-12 20:15:16,394  [x] b'Sensor3 - ESCURO!!!'
2022-01-12 20:15:16,395  [x] b'Sensor3 - ESCURO!!!'
2022-01-12 20:15:17,186  [x] b'Sensor2 - Nao tem FUMACA!!!'
2022-01-12 20:15:17,187  [x] b'Sensor2 - Nao tem FUMACA!!!'
2022-01-12 20:15:20,283  [x] b'Sensor1 - Nao tem FOGO!!!'
2022-01-12 20:15:20,284  [x] b'Sensor1 - Nao tem FOGO!!!'
2022-01-12 20:15:21,400  [x] b'Sensor3 - ESCURO!!!'
2022-01-12 20:15:21,400  [x] b'Sensor3 - ESCURO!!!'
2022-01-12 20:15:22,192  [x] b'Sensor2 - Nao tem FUMACA!!!'
2022-01-12 20:15:22,193  [x] b'Sensor2 - Nao tem FUMACA!!!'
2022-01-12 20:15:25,288  [x] b'Sensor1 - Nao tem FOGO!!!'
2022-01-12 20:15:25,289  [x] b'Sensor1 - Nao tem FOGO!!!'
2022-01-12 20:15:26,406  [x] b'Sensor3 - ESCURO!!!'
2022-01-12 20:15:26,406  [x] b'Sensor3 - ESCURO!!!'
2022-01-12 20:15:27,198  [x] b'Sensor2 - Nao tem FUMACA!!!'
2022-01-12 20:15:27,199  [x] b'Sensor2 - Nao tem FUMACA!!!'
2022-01-12 20:15:30,294  [x] b'Sensor1 - Nao tem FOGO!!!'
2022-01-12 20:15:30,295  [x] b'Sensor1 - Nao tem FOGO!!!'
2022-01-12 20:15:31,411  [x] b'Sensor3 - ESCURO!!!'
2022-01-12 20:15:31,412  [x] b'Sensor3 - ESCURO!!!'
2022-01-12 20:15:32,205  [x] b'Sensor2 - Nao tem FUMACA!!!'
2022-01-12 20:15:32,205  [x] b'Sensor2 - Nao tem FUMACA!!!'
2022-01-12 20:15:35,300  [x] b'Sensor1 - Nao tem FOGO!!!'
2022-01-12 20:15:35,301  [x] b'Sensor1 - Nao tem FOGO!!!'
2022-01-12 20:15:36,417  [x] b'Sensor3 - ESCURO!!!'
2022-01-12 20:15:36,417  [x] b'Sensor3 - ESCURO!!!'
2022-01-12 20:15:37,210  [x] b'Sensor2 - Nao tem FUMACA!!!'
2022-01-12 20:15:37,211  [x] b'Sensor2 - Nao tem FUMACA!!!'
2022-01-12 20:15:40,306  [x] b'Sensor1 - Nao tem FOGO!!!'
2022-01-12 20:15:40,306  [x] b'Sensor1 - Nao tem FOGO!!!'
2022-01-12 20:15:41,422  [x] b'Sensor3 - ESCURO!!!'
2022-01-12 20:15:41,423  [x] b'Sensor3 - ESCURO!!!'
2022-01-12 20:15:42,216  [x] b'Sensor2 - Nao tem FUMACA!!!'
2022-01-12 20:15:42,217  [x] b'Sensor2 - Nao tem FUMACA!!!'
2022-01-12 20:15:45,312  [x] b'Sensor1 - Nao tem FOGO!!!'
2022-01-12 20:15:45,312  [x] b'Sensor1 - Nao tem FOGO!!!'
2022-01-12 20:15:46,428  [x] b'Sensor3 - ESCURO!!!'
2022-01-12 20:15:46,429  [x] b'Sensor3 - ESCURO!!!'
2022-01-12 20:15:47,222  [x] b'Sensor2 - Nao tem FUMACA!!!'
2022-01-12 20:15:47,223  [x] b'Sensor2 - Nao tem FUMACA!!!'
2022-01-12 20:15:50,317  [x] b'Sensor1 - Nao tem FOGO!!!'
2022-01-12 20:15:50,318  [x] b'Sensor1 - Nao tem FOGO!!!'
2022-01-12 20:15:51,434  [x] b'Sensor3 - ESCURO!!!'
2022-01-12 20:15:51,435  [x] b'Sensor3 - ESCURO!!!'
2022-01-12 20:15:52,228  [x] b'Sensor2 - Nao tem FUMACA!!!'
2022-01-12 20:15:52,229  [x] b'Sensor2 - Nao tem FUMACA!!!'
2022-01-12 20:15:55,324  [x] b'Sensor1 - Nao tem FOGO!!!'
2022-01-12 20:15:55,324  [x] b'Sensor1 - Nao tem FOGO!!!'
2022-01-12 20:15:56,440  [x] b'Sensor3 - ESCURO!!!'
2022-01-12 20:15:56,441  [x] b'Sensor3 - ESCURO!!!'
2022-01-12 20:15:57,233  [x] b'Sensor2 - Nao tem FUMACA!!!'
2022-01-12 20:15:57,234  [x] b'Sensor2 - Nao tem FUMACA!!!'
2022-01-12 20:16:00,329  [x] b'Sensor1 - Nao tem FOGO!!!'
2022-01-12 20:16:00,329  [x] b'Sensor1 - Nao tem FOGO!!!'
2022-01-12 20:16:01,446  [x] b'Sensor3 - ESCURO!!!'
2022-01-12 20:16:01,446  [x] b'Sensor3 - ESCURO!!!'
2022-01-12 20:16:02,239  [x] b'Sensor2 - Nao tem FUMACA!!!'
2022-01-12 20:16:02,240  [x] b'Sensor2 - Nao tem FUMACA!!!'
2022-01-12 20:16:05,334  [x] b'Sensor1 - Nao tem FOGO!!!'
2022-01-12 20:16:05,335  [x] b'Sensor1 - Nao tem FOGO!!!'
2022-01-12 20:16:06,451  [x] b'Sensor3 - ESCURO!!!'
2022-01-12 20:16:06,452  [x] b'Sensor3 - ESCURO!!!'
2022-01-12 20:16:07,245  [x] b'Sensor2 - Nao tem FUMACA!!!'
2022-01-12 20:16:07,246  [x] b'Sensor2 - Nao tem FUMACA!!!'
2022-01-12 20:16:10,340  [x] b'Sensor1 - Nao tem FOGO!!!'
2022-01-12 20:16:10,341  [x] b'Sensor1 - Nao tem FOGO!!!'
2022-01-12 20:16:11,457  [x] b'Sensor3 - ESCURO!!!'
2022-01-12 20:16:11,458  [x] b'Sensor3 - ESCURO!!!'
2022-01-12 20:16:12,251  [x] b'Sensor2 - Nao tem FUMACA!!!'
2022-01-12 20:16:12,251  [x] b'Sensor2 - Nao tem FUMACA!!!'
2022-01-12 20:16:15,346  [x] b'Sensor1 - Nao tem FOGO!!!'
2022-01-12 20:16:15,347  [x] b'Sensor1 - Nao tem FOGO!!!'
2022-01-12 20:16:16,463  [x] b'Sensor3 - ESCURO!!!'
2022-01-12 20:16:16,463  [x] b'Sensor3 - ESCURO!!!'
2022-01-12 20:16:17,257  [x] b'Sensor2 - Nao tem FUMACA!!!'
2022-01-12 20:16:17,258  [x] b'Sensor2 - Nao tem FUMACA!!!'
2022-01-12 20:16:20,352  [x] b'Sensor1 - Nao tem FOGO!!!'
2022-01-12 20:16:20,352  [x] b'Sensor1 - Nao tem FOGO!!!'
2022-01-12 20:16:21,469  [x] b'Sensor3 - ESCURO!!!'
2022-01-12 20:16:21,469  [x] b'Sensor3 - ESCURO!!!'
2022-01-12 20:16:22,263  [x] b'Sensor2 - Nao tem FUMACA!!!'
2022-01-12 20:16:22,263  [x] b'Sensor2 - Nao tem FUMACA!!!'
2022-01-12 20:16:25,358  [x] b'Sensor1 - Nao tem FOGO!!!'
2022-01-12 20:16:25,358  [x] b'Sensor1 - Nao tem FOGO!!!'
2022-01-12 20:16:26,474  [x] b'Sensor3 - ESCURO!!!'
2022-01-12 20:16:26,475  [x] b'Sensor3 - ESCURO!!!'
2022-01-12 20:16:27,269  [x] b'Sensor2 - Nao tem FUMACA!!!'
2022-01-12 20:16:27,269  [x] b'Sensor2 - Nao tem FUMACA!!!'
2022-01-12 20:16:30,363  [x] b'Sensor1 - Nao tem FOGO!!!'
2022-01-12 20:16:30,364  [x] b'Sensor1 - Nao tem FOGO!!!'
2022-01-12 20:16:31,480  [x] b'Sensor3 - ESCURO!!!'
2022-01-12 20:16:31,481  [x] b'Sensor3 - ESCURO!!!'
2022-01-12 20:16:32,275  [x] b'Sensor2 - Nao tem FUMACA!!!'
2022-01-12 20:16:32,276  [x] b'Sensor2 - Nao tem FUMACA!!!'
2022-01-12 20:16:35,369  [x] b'Sensor1 - Nao tem FOGO!!!'
2022-01-12 20:16:35,370  [x] b'Sensor1 - Nao tem FOGO!!!'
2022-01-12 20:16:36,486  [x] b'Sensor3 - ESCURO!!!'
2022-01-12 20:16:36,486  [x] b'Sensor3 - ESCURO!!!'
2022-01-12 20:16:37,281  [x] b'Sensor2 - Nao tem FUMACA!!!'
2022-01-12 20:16:37,282  [x] b'Sensor2 - Nao tem FUMACA!!!'
2022-01-12 20:16:40,375  [x] b'Sensor1 - Nao tem FOGO!!!'
2022-01-12 20:16:40,376  [x] b'Sensor1 - Nao tem FOGO!!!'
2022-01-12 20:16:41,492  [x] b'Sensor3 - ESCURO!!!'
2022-01-12 20:16:41,492  [x] b'Sensor3 - ESCURO!!!'
2022-01-12 20:16:42,286  [x] b'Sensor2 - Nao tem FUMACA!!!'
2022-01-12 20:16:42,287  [x] b'Sensor2 - Nao tem FUMACA!!!'
2022-01-12 20:16:45,380  [x] b'Sensor1 - Nao tem FOGO!!!'
2022-01-12 20:16:45,381  [x] b'Sensor1 - Nao tem FOGO!!!'
2022-01-12 20:16:46,497  [x] b'Sensor3 - ESCURO!!!'
2022-01-12 20:16:46,499  [x] b'Sensor3 - ESCURO!!!'
2022-01-12 20:16:47,292  [x] b'Sensor2 - Nao tem FUMACA!!!'
2022-01-12 20:16:47,293  [x] b'Sensor2 - Nao tem FUMACA!!!'
2022-01-12 20:16:50,383  [x] b'Sensor1 - Nao tem FOGO!!!'
2022-01-12 20:16:50,383  [x] b'Sensor1 - Nao tem FOGO!!!'
2022-01-12 20:16:51,503  [x] b'Sensor3 - ESCURO!!!'
2022-01-12 20:16:51,504  [x] b'Sensor3 - ESCURO!!!'
2022-01-12 20:16:52,298  [x] b'Sensor2 - Nao tem FUMACA!!!'
2022-01-12 20:16:52,298  [x] b'Sensor2 - Nao tem FUMACA!!!'
2022-01-12 20:16:55,389  [x] b'Sensor1 - Nao tem FOGO!!!'
2022-01-12 20:16:55,390  [x] b'Sensor1 - Nao tem FOGO!!!'
2022-01-12 20:16:56,509  [x] b'Sensor3 - ESCURO!!!'
2022-01-12 20:16:56,509  [x] b'Sensor3 - ESCURO!!!'
2022-01-12 20:16:57,303  [x] b'Sensor2 - Nao tem FUMACA!!!'
2022-01-12 20:16:57,304  [x] b'Sensor2 - Nao tem FUMACA!!!'
2022-01-12 20:17:00,394  [x] b'Sensor1 - Nao tem FOGO!!!'
2022-01-12 20:17:00,395  [x] b'Sensor1 - Nao tem FOGO!!!'
2022-01-12 20:17:01,515  [x] b'Sensor3 - ESCURO!!!'
2022-01-12 20:17:01,516  [x] b'Sensor3 - ESCURO!!!'
2022-01-12 20:17:02,309  [x] b'Sensor2 - Nao tem FUMACA!!!'
2022-01-12 20:17:02,310  [x] b'Sensor2 - Nao tem FUMACA!!!'
2022-01-12 20:17:05,400  [x] b'Sensor1 - FOGO!!!'
2022-01-12 20:17:05,401  [x] b'Sensor1 - FOGO!!!'
2022-01-12 20:17:06,520  [x] b'Sensor3 - ESCURO!!!'
2022-01-12 20:17:06,521  [x] b'Sensor3 - ESCURO!!!'
2022-01-12 20:17:07,315  [x] b'Sensor2 - Nao tem FUMACA!!!'
2022-01-12 20:17:07,316  [x] b'Sensor2 - Nao tem FUMACA!!!'
2022-01-12 20:17:10,406  [x] b'Sensor1 - Nao tem FOGO!!!'
2022-01-12 20:17:10,407  [x] b'Sensor1 - Nao tem FOGO!!!'
2022-01-12 20:17:11,526  [x] b'Sensor3 - ESCURO!!!'
2022-01-12 20:17:11,527  [x] b'Sensor3 - ESCURO!!!'
2022-01-12 20:17:12,321  [x] b'Sensor2 - Nao tem FUMACA!!!'
2022-01-12 20:17:12,322  [x] b'Sensor2 - Nao tem FUMACA!!!'
2022-01-12 20:17:15,412  [x] b'Sensor1 - Nao tem FOGO!!!'
2022-01-12 20:17:15,414  [x] b'Sensor1 - Nao tem FOGO!!!'
2022-01-12 20:17:16,532  [x] b'Sensor3 - ESCURO!!!'
2022-01-12 20:17:16,532  [x] b'Sensor3 - ESCURO!!!'
2022-01-12 20:17:17,326  [x] b'Sensor2 - Nao tem FUMACA!!!'
2022-01-12 20:17:17,327  [x] b'Sensor2 - Nao tem FUMACA!!!'
2022-01-12 20:17:20,417  [x] b'Sensor1 - Nao tem FOGO!!!'
2022-01-12 20:17:20,418  [x] b'Sensor1 - Nao tem FOGO!!!'
2022-01-12 20:17:21,537  [x] b'Sensor3 - ESCURO!!!'
2022-01-12 20:17:21,538  [x] b'Sensor3 - ESCURO!!!'
2022-01-12 20:17:22,332  [x] b'Sensor2 - Nao tem FUMACA!!!'
2022-01-12 20:17:22,333  [x] b'Sensor2 - Nao tem FUMACA!!!'
2022-01-12 20:17:25,424  [x] b'Sensor1 - Nao tem FOGO!!!'
2022-01-12 20:17:25,425  [x] b'Sensor1 - Nao tem FOGO!!!'
2022-01-12 20:17:26,543  [x] b'Sensor3 - ESCURO!!!'
2022-01-12 20:17:26,544  [x] b'Sensor3 - ESCURO!!!'
2022-01-12 20:17:27,338  [x] b'Sensor2 - Nao tem FUMACA!!!'
2022-01-12 20:17:27,340  [x] b'Sensor2 - Nao tem FUMACA!!!'
2022-01-12 20:17:30,429  [x] b'Sensor1 - Nao tem FOGO!!!'
2022-01-12 20:17:30,430  [x] b'Sensor1 - Nao tem FOGO!!!'
2022-01-12 20:17:31,549  [x] b'Sensor3 - ESCURO!!!'
2022-01-12 20:17:31,549  [x] b'Sensor3 - ESCURO!!!'
2022-01-12 20:17:32,344  [x] b'Sensor2 - Nao tem FUMACA!!!'
2022-01-12 20:17:32,345  [x] b'Sensor2 - Nao tem FUMACA!!!'
2022-01-12 20:17:35,435  [x] b'Sensor1 - Nao tem FOGO!!!'
2022-01-12 20:17:35,435  [x] b'Sensor1 - Nao tem FOGO!!!'
2022-01-12 20:17:36,554  [x] b'Sensor3 - ESCURO!!!'
2022-01-12 20:17:36,555  [x] b'Sensor3 - ESCURO!!!'
2022-01-12 20:17:37,350  [x] b'Sensor2 - Nao tem FUMACA!!!'
2022-01-12 20:17:37,350  [x] b'Sensor2 - Nao tem FUMACA!!!'
2022-01-12 20:17:40,441  [x] b'Sensor1 - Nao tem FOGO!!!'
2022-01-12 20:17:40,441  [x] b'Sensor1 - Nao tem FOGO!!!'
2022-01-12 20:17:41,560  [x] b'Sensor3 - ESCURO!!!'
2022-01-12 20:17:41,561  [x] b'Sensor3 - ESCURO!!!'
2022-01-12 20:17:42,356  [x] b'Sensor2 - FUMACA!!!'
2022-01-12 20:17:42,356  [x] b'Sensor2 - FUMACA!!!'
2022-01-12 20:17:45,447  [x] b'Sensor1 - Nao tem FOGO!!!'
2022-01-12 20:17:45,448  [x] b'Sensor1 - Nao tem FOGO!!!'
2022-01-12 20:17:46,566  [x] b'Sensor3 - ESCURO!!!'
2022-01-12 20:17:46,566  [x] b'Sensor3 - ESCURO!!!'
2022-01-12 20:17:47,361  [x] b'Sensor2 - Nao tem FUMACA!!!'
2022-01-12 20:17:47,362  [x] b'Sensor2 - Nao tem FUMACA!!!'
2022-01-12 20:17:50,453  [x] b'Sensor1 - Nao tem FOGO!!!'
2022-01-12 20:17:50,453  [x] b'Sensor1 - Nao tem FOGO!!!'
2022-01-12 20:17:51,572  [x] b'Sensor3 - ESCURO!!!'
2022-01-12 20:17:51,573  [x] b'Sensor3 - ESCURO!!!'
2022-01-12 20:17:52,368  [x] b'Sensor2 - Nao tem FUMACA!!!'
2022-01-12 20:17:52,368  [x] b'Sensor2 - Nao tem FUMACA!!!'
2022-01-12 20:17:55,459  [x] b'Sensor1 - Nao tem FOGO!!!'
2022-01-12 20:17:55,460  [x] b'Sensor1 - Nao tem FOGO!!!'
2022-01-12 20:17:56,578  [x] b'Sensor3 - ESCURO!!!'
2022-01-12 20:17:56,579  [x] b'Sensor3 - ESCURO!!!'
2022-01-12 20:17:57,373  [x] b'Sensor2 - Nao tem FUMACA!!!'
2022-01-12 20:17:57,373  [x] b'Sensor2 - Nao tem FUMACA!!!'
2022-01-12 20:18:00,464  [x] b'Sensor1 - Nao tem FOGO!!!'
2022-01-12 20:18:00,464  [x] b'Sensor1 - Nao tem FOGO!!!'
2022-01-12 20:18:01,584  [x] b'Sensor3 - ESCURO!!!'
2022-01-12 20:18:01,585  [x] b'Sensor3 - ESCURO!!!'
2022-01-12 20:18:02,380  [x] b'Sensor2 - Nao tem FUMACA!!!'
2022-01-12 20:18:02,382  [x] b'Sensor2 - Nao tem FUMACA!!!'
2022-01-12 20:18:05,470  [x] b'Sensor1 - Nao tem FOGO!!!'
2022-01-12 20:18:05,470  [x] b'Sensor1 - Nao tem FOGO!!!'
2022-01-12 20:18:06,590  [x] b'Sensor3 - ESCURO!!!'
2022-01-12 20:18:06,591  [x] b'Sensor3 - ESCURO!!!'
2022-01-12 20:18:07,385  [x] b'Sensor2 - Nao tem FUMACA!!!'
2022-01-12 20:18:07,386  [x] b'Sensor2 - Nao tem FUMACA!!!'
2022-01-12 20:18:10,476  [x] b'Sensor1 - Nao tem FOGO!!!'
2022-01-12 20:18:10,477  [x] b'Sensor1 - Nao tem FOGO!!!'
2022-01-12 20:18:11,596  [x] b'Sensor3 - ESCURO!!!'
2022-01-12 20:18:11,597  [x] b'Sensor3 - ESCURO!!!'
2022-01-12 20:18:12,391  [x] b'Sensor2 - Nao tem FUMACA!!!'
2022-01-12 20:18:12,392  [x] b'Sensor2 - Nao tem FUMACA!!!'
2022-01-12 20:18:15,481  [x] b'Sensor1 - Nao tem FOGO!!!'
2022-01-12 20:18:15,482  [x] b'Sensor1 - Nao tem FOGO!!!'
2022-01-12 20:18:16,601  [x] b'Sensor3 - ESCURO!!!'
2022-01-12 20:18:16,603  [x] b'Sensor3 - ESCURO!!!'
2022-01-12 20:18:17,397  [x] b'Sensor2 - Nao tem FUMACA!!!'
2022-01-12 20:18:17,398  [x] b'Sensor2 - Nao tem FUMACA!!!'
2022-01-12 20:18:20,488  [x] b'Sensor1 - Nao tem FOGO!!!'
2022-01-12 20:18:20,489  [x] b'Sensor1 - Nao tem FOGO!!!'
2022-01-12 20:18:21,608  [x] b'Sensor3 - ESCURO!!!'
2022-01-12 20:18:21,609  [x] b'Sensor3 - ESCURO!!!'
2022-01-12 20:18:22,403  [x] b'Sensor2 - Nao tem FUMACA!!!'
2022-01-12 20:18:22,403  [x] b'Sensor2 - Nao tem FUMACA!!!'
2022-01-12 20:18:25,494  [x] b'Sensor1 - Nao tem FOGO!!!'
2022-01-12 20:18:25,495  [x] b'Sensor1 - Nao tem FOGO!!!'
2022-01-12 20:18:26,614  [x] b'Sensor3 - ESCURO!!!'
2022-01-12 20:18:26,614  [x] b'Sensor3 - ESCURO!!!'
2022-01-12 20:18:27,409  [x] b'Sensor2 - Nao tem FUMACA!!!'
2022-01-12 20:18:27,410  [x] b'Sensor2 - Nao tem FUMACA!!!'
2022-01-12 20:18:30,500  [x] b'Sensor1 - Nao tem FOGO!!!'
2022-01-12 20:18:30,501  [x] b'Sensor1 - Nao tem FOGO!!!'
2022-01-12 20:18:31,619  [x] b'Sensor3 - ESCURO!!!'
2022-01-12 20:18:31,620  [x] b'Sensor3 - ESCURO!!!'
2022-01-12 20:18:32,415  [x] b'Sensor2 - Nao tem FUMACA!!!'
2022-01-12 20:18:32,416  [x] b'Sensor2 - Nao tem FUMACA!!!'
2022-01-12 20:18:35,506  [x] b'Sensor1 - Nao tem FOGO!!!'
2022-01-12 20:18:35,506  [x] b'Sensor1 - Nao tem FOGO!!!'
2022-01-12 20:18:36,626  [x] b'Sensor3 - ESCURO!!!'
2022-01-12 20:18:36,626  [x] b'Sensor3 - ESCURO!!!'
2022-01-12 20:18:37,420  [x] b'Sensor2 - Nao tem FUMACA!!!'
2022-01-12 20:18:37,421  [x] b'Sensor2 - Nao tem FUMACA!!!'
2022-01-12 20:18:40,512  [x] b'Sensor1 - Nao tem FOGO!!!'
2022-01-12 20:18:40,513  [x] b'Sensor1 - Nao tem FOGO!!!'
2022-01-12 20:18:41,631  [x] b'Sensor3 - ESCURO!!!'
2022-01-12 20:18:41,632  [x] b'Sensor3 - ESCURO!!!'
2022-01-12 20:18:42,426  [x] b'Sensor2 - Nao tem FUMACA!!!'
2022-01-12 20:18:42,427  [x] b'Sensor2 - Nao tem FUMACA!!!'
2022-01-12 20:18:45,517  [x] b'Sensor1 - Nao tem FOGO!!!'
2022-01-12 20:18:45,518  [x] b'Sensor1 - Nao tem FOGO!!!'
2022-01-12 20:18:46,638  [x] b'Sensor3 - ESCURO!!!'
2022-01-12 20:18:46,639  [x] b'Sensor3 - ESCURO!!!'
2022-01-12 20:18:47,432  [x] b'Sensor2 - Nao tem FUMACA!!!'
2022-01-12 20:18:47,433  [x] b'Sensor2 - Nao tem FUMACA!!!'
2022-01-12 20:18:50,524  [x] b'Sensor1 - Nao tem FOGO!!!'
2022-01-12 20:18:50,524  [x] b'Sensor1 - Nao tem FOGO!!!'
2022-01-12 20:18:51,643  [x] b'Sensor3 - ESCURO!!!'
2022-01-12 20:18:51,644  [x] b'Sensor3 - ESCURO!!!'
2022-01-12 20:18:52,437  [x] b'Sensor2 - Nao tem FUMACA!!!'
2022-01-12 20:18:52,438  [x] b'Sensor2 - Nao tem FUMACA!!!'
2022-01-12 20:18:55,529  [x] b'Sensor1 - Nao tem FOGO!!!'
2022-01-12 20:18:55,529  [x] b'Sensor1 - Nao tem FOGO!!!'
2022-01-12 20:18:56,649  [x] b'Sensor3 - ESCURO!!!'
2022-01-12 20:18:56,650  [x] b'Sensor3 - ESCURO!!!'
2022-01-12 20:18:57,443  [x] b'Sensor2 - Nao tem FUMACA!!!'
2022-01-12 20:18:57,444  [x] b'Sensor2 - Nao tem FUMACA!!!'
2022-01-12 20:19:00,534  [x] b'Sensor1 - Nao tem FOGO!!!'
2022-01-12 20:19:00,535  [x] b'Sensor1 - Nao tem FOGO!!!'
2022-01-12 20:19:01,655  [x] b'Sensor3 - ESCURO!!!'
2022-01-12 20:19:01,656  [x] b'Sensor3 - ESCURO!!!'
2022-01-12 20:19:02,449  [x] b'Sensor2 - Nao tem FUMACA!!!'
2022-01-12 20:19:02,450  [x] b'Sensor2 - Nao tem FUMACA!!!'
2022-01-12 20:19:05,540  [x] b'Sensor1 - Nao tem FOGO!!!'
2022-01-12 20:19:05,541  [x] b'Sensor1 - Nao tem FOGO!!!'
2022-01-12 20:19:06,660  [x] b'Sensor3 - ESCURO!!!'
2022-01-12 20:19:06,661  [x] b'Sensor3 - ESCURO!!!'
2022-01-12 20:19:07,455  [x] b'Sensor2 - Nao tem FUMACA!!!'
2022-01-12 20:19:07,455  [x] b'Sensor2 - Nao tem FUMACA!!!'
2022-01-12 20:19:10,547  [x] b'Sensor1 - Nao tem FOGO!!!'
2022-01-12 20:19:10,547  [x] b'Sensor1 - Nao tem FOGO!!!'
2022-01-12 20:19:11,667  [x] b'Sensor3 - ESCURO!!!'
2022-01-12 20:19:11,669  [x] b'Sensor3 - ESCURO!!!'
2022-01-12 20:19:12,460  [x] b'Sensor2 - Nao tem FUMACA!!!'
2022-01-12 20:19:12,461  [x] b'Sensor2 - Nao tem FUMACA!!!'
2022-01-12 20:19:15,556  [x] b'Sensor1 - Nao tem FOGO!!!'
2022-01-12 20:19:15,556  [x] b'Sensor1 - Nao tem FOGO!!!'
2022-01-12 20:19:16,672  [x] b'Sensor3 - ESCURO!!!'
2022-01-12 20:19:16,673  [x] b'Sensor3 - ESCURO!!!'
2022-01-12 20:19:17,466  [x] b'Sensor2 - Nao tem FUMACA!!!'
2022-01-12 20:19:17,466  [x] b'Sensor2 - Nao tem FUMACA!!!'
2022-01-12 20:19:20,558  [x] b'Sensor1 - Nao tem FOGO!!!'
2022-01-12 20:19:20,559  [x] b'Sensor1 - Nao tem FOGO!!!'
2022-01-12 20:19:21,678  [x] b'Sensor3 - ESCURO!!!'
2022-01-12 20:19:21,679  [x] b'Sensor3 - ESCURO!!!'
2022-01-12 20:19:22,471  [x] b'Sensor2 - FUMACA!!!'
2022-01-12 20:19:22,472  [x] b'Sensor2 - FUMACA!!!'
2022-01-12 20:19:25,564  [x] b'Sensor1 - Nao tem FOGO!!!'
2022-01-12 20:19:25,564  [x] b'Sensor1 - Nao tem FOGO!!!'
2022-01-12 20:19:26,684  [x] b'Sensor3 - ESCURO!!!'
2022-01-12 20:19:26,685  [x] b'Sensor3 - ESCURO!!!'
2022-01-12 20:19:27,477  [x] b'Sensor2 - Nao tem FUMACA!!!'
2022-01-12 20:19:27,478  [x] b'Sensor2 - Nao tem FUMACA!!!'
2022-01-12 20:19:30,569  [x] b'Sensor1 - Nao tem FOGO!!!'
2022-01-12 20:19:30,570  [x] b'Sensor1 - Nao tem FOGO!!!'
2022-01-12 20:19:31,690  [x] b'Sensor3 - ESCURO!!!'
2022-01-12 20:19:31,690  [x] b'Sensor3 - ESCURO!!!'
2022-01-12 20:19:32,483  [x] b'Sensor2 - Nao tem FUMACA!!!'
2022-01-12 20:19:32,484  [x] b'Sensor2 - Nao tem FUMACA!!!'
2022-01-12 20:19:35,575  [x] b'Sensor1 - Nao tem FOGO!!!'
2022-01-12 20:19:35,576  [x] b'Sensor1 - Nao tem FOGO!!!'
2022-01-12 20:19:36,695  [x] b'Sensor3 - ESCURO!!!'
2022-01-12 20:19:36,696  [x] b'Sensor3 - ESCURO!!!'
2022-01-12 20:19:37,489  [x] b'Sensor2 - Nao tem FUMACA!!!'
2022-01-12 20:19:37,490  [x] b'Sensor2 - Nao tem FUMACA!!!'
2022-01-12 20:19:40,581  [x] b'Sensor1 - Nao tem FOGO!!!'
2022-01-12 20:19:40,582  [x] b'Sensor1 - Nao tem FOGO!!!'
2022-01-12 20:19:41,701  [x] b'Sensor3 - ESCURO!!!'
2022-01-12 20:19:41,701  [x] b'Sensor3 - ESCURO!!!'
2022-01-12 20:19:42,494  [x] b'Sensor2 - Nao tem FUMACA!!!'
2022-01-12 20:19:42,495  [x] b'Sensor2 - Nao tem FUMACA!!!'
2022-01-12 20:19:45,587  [x] b'Sensor1 - Nao tem FOGO!!!'
2022-01-12 20:19:45,588  [x] b'Sensor1 - Nao tem FOGO!!!'
2022-01-12 20:19:46,706  [x] b'Sensor3 - ESCURO!!!'
2022-01-12 20:19:46,707  [x] b'Sensor3 - ESCURO!!!'
2022-01-12 20:19:47,501  [x] b'Sensor2 - Nao tem FUMACA!!!'
2022-01-12 20:19:47,502  [x] b'Sensor2 - Nao tem FUMACA!!!'
2022-01-12 20:19:50,592  [x] b'Sensor1 - Nao tem FOGO!!!'
2022-01-12 20:19:50,593  [x] b'Sensor1 - Nao tem FOGO!!!'
2022-01-12 20:19:51,713  [x] b'Sensor3 - ESCURO!!!'
2022-01-12 20:19:51,713  [x] b'Sensor3 - ESCURO!!!'
2022-01-12 20:19:52,506  [x] b'Sensor2 - Nao tem FUMACA!!!'
2022-01-12 20:19:52,506  [x] b'Sensor2 - Nao tem FUMACA!!!'
2022-01-12 20:19:55,598  [x] b'Sensor1 - Nao tem FOGO!!!'
2022-01-12 20:19:55,598  [x] b'Sensor1 - Nao tem FOGO!!!'
2022-01-12 20:19:56,718  [x] b'Sensor3 - ESCURO!!!'
2022-01-12 20:19:56,719  [x] b'Sensor3 - ESCURO!!!'
2022-01-12 20:19:57,512  [x] b'Sensor2 - Nao tem FUMACA!!!'
2022-01-12 20:19:57,512  [x] b'Sensor2 - Nao tem FUMACA!!!'
2022-01-12 20:20:00,604  [x] b'Sensor1 - Nao tem FOGO!!!'
2022-01-12 20:20:00,605  [x] b'Sensor1 - Nao tem FOGO!!!'
2022-01-12 20:20:01,724  [x] b'Sensor3 - ESCURO!!!'
2022-01-12 20:20:01,724  [x] b'Sensor3 - ESCURO!!!'
2022-01-12 20:20:02,518  [x] b'Sensor2 - Nao tem FUMACA!!!'
2022-01-12 20:20:02,518  [x] b'Sensor2 - Nao tem FUMACA!!!'
2022-01-12 20:20:05,609  [x] b'Sensor1 - Nao tem FOGO!!!'
2022-01-12 20:20:05,610  [x] b'Sensor1 - Nao tem FOGO!!!'
2022-01-12 20:20:06,730  [x] b'Sensor3 - ESCURO!!!'
2022-01-12 20:20:06,730  [x] b'Sensor3 - ESCURO!!!'
2022-01-12 20:20:07,523  [x] b'Sensor2 - Nao tem FUMACA!!!'
2022-01-12 20:20:07,524  [x] b'Sensor2 - Nao tem FUMACA!!!'
2022-01-12 20:20:10,616  [x] b'Sensor1 - Nao tem FOGO!!!'
2022-01-12 20:20:10,616  [x] b'Sensor1 - Nao tem FOGO!!!'
2022-01-12 20:20:11,735  [x] b'Sensor3 - ESCURO!!!'
2022-01-12 20:20:11,736  [x] b'Sensor3 - ESCURO!!!'
2022-01-12 20:20:12,529  [x] b'Sensor2 - Nao tem FUMACA!!!'
2022-01-12 20:20:12,530  [x] b'Sensor2 - Nao tem FUMACA!!!'
2022-01-12 20:20:15,621  [x] b'Sensor1 - Nao tem FOGO!!!'
2022-01-12 20:20:15,622  [x] b'Sensor1 - Nao tem FOGO!!!'
2022-01-12 20:20:16,741  [x] b'Sensor3 - ESCURO!!!'
2022-01-12 20:20:16,741  [x] b'Sensor3 - ESCURO!!!'
2022-01-12 20:20:17,535  [x] b'Sensor2 - Nao tem FUMACA!!!'
2022-01-12 20:20:17,535  [x] b'Sensor2 - Nao tem FUMACA!!!'
2022-01-12 20:20:20,627  [x] b'Sensor1 - Nao tem FOGO!!!'
2022-01-12 20:20:20,627  [x] b'Sensor1 - Nao tem FOGO!!!'
2022-01-12 20:20:21,747  [x] b'Sensor3 - ESCURO!!!'
2022-01-12 20:20:21,748  [x] b'Sensor3 - ESCURO!!!'
2022-01-12 20:20:22,540  [x] b'Sensor2 - Nao tem FUMACA!!!'
2022-01-12 20:20:22,541  [x] b'Sensor2 - Nao tem FUMACA!!!'
2022-01-12 20:20:25,632  [x] b'Sensor1 - Nao tem FOGO!!!'
2022-01-12 20:20:25,633  [x] b'Sensor1 - Nao tem FOGO!!!'
2022-01-12 20:20:26,753  [x] b'Sensor3 - ESCURO!!!'
2022-01-12 20:20:26,753  [x] b'Sensor3 - ESCURO!!!'
2022-01-12 20:20:27,546  [x] b'Sensor2 - Nao tem FUMACA!!!'
2022-01-12 20:20:27,546  [x] b'Sensor2 - Nao tem FUMACA!!!'
2022-01-12 20:20:30,638  [x] b'Sensor1 - Nao tem FOGO!!!'
2022-01-12 20:20:30,639  [x] b'Sensor1 - Nao tem FOGO!!!'
2022-01-12 20:20:31,759  [x] b'Sensor3 - ESCURO!!!'
2022-01-12 20:20:31,759  [x] b'Sensor3 - ESCURO!!!'
2022-01-12 20:20:32,552  [x] b'Sensor2 - Nao tem FUMACA!!!'
2022-01-12 20:20:32,553  [x] b'Sensor2 - Nao tem FUMACA!!!'
2022-01-12 20:20:35,644  [x] b'Sensor1 - Nao tem FOGO!!!'
2022-01-12 20:20:35,644  [x] b'Sensor1 - Nao tem FOGO!!!'
2022-01-12 20:20:36,764  [x] b'Sensor3 - ESCURO!!!'
2022-01-12 20:20:36,765  [x] b'Sensor3 - ESCURO!!!'
2022-01-12 20:20:37,558  [x] b'Sensor2 - Nao tem FUMACA!!!'
2022-01-12 20:20:37,558  [x] b'Sensor2 - Nao tem FUMACA!!!'
2022-01-12 20:20:40,650  [x] b'Sensor1 - Nao tem FOGO!!!'
2022-01-12 20:20:40,651  [x] b'Sensor1 - Nao tem FOGO!!!'
2022-01-12 20:20:41,770  [x] b'Sensor3 - ESCURO!!!'
2022-01-12 20:20:41,771  [x] b'Sensor3 - ESCURO!!!'
2022-01-12 20:20:42,563  [x] b'Sensor2 - Nao tem FUMACA!!!'
2022-01-12 20:20:42,564  [x] b'Sensor2 - Nao tem FUMACA!!!'
2022-01-12 20:20:45,656  [x] b'Sensor1 - FOGO!!!'
2022-01-12 20:20:45,656  [x] b'Sensor1 - FOGO!!!'
2022-01-12 20:20:46,776  [x] b'Sensor3 - ESCURO!!!'
2022-01-12 20:20:46,776  [x] b'Sensor3 - ESCURO!!!'
2022-01-12 20:20:47,569  [x] b'Sensor2 - Nao tem FUMACA!!!'
2022-01-12 20:20:47,570  [x] b'Sensor2 - Nao tem FUMACA!!!'
2022-01-12 20:20:50,661  [x] b'Sensor1 - FOGO!!!'
2022-01-12 20:20:50,662  [x] b'Sensor1 - FOGO!!!'
2022-01-12 20:20:51,782  [x] b'Sensor3 - ESCURO!!!'
2022-01-12 20:20:51,783  [x] b'Sensor3 - ESCURO!!!'
2022-01-12 20:20:52,575  [x] b'Sensor2 - Nao tem FUMACA!!!'
2022-01-12 20:20:52,576  [x] b'Sensor2 - Nao tem FUMACA!!!'
2022-01-12 20:20:55,668  [x] b'Sensor1 - Nao tem FOGO!!!'
2022-01-12 20:20:55,668  [x] b'Sensor1 - Nao tem FOGO!!!'
2022-01-12 20:20:56,788  [x] b'Sensor3 - ESCURO!!!'
2022-01-12 20:20:56,788  [x] b'Sensor3 - ESCURO!!!'
2022-01-12 20:20:57,581  [x] b'Sensor2 - Nao tem FUMACA!!!'
2022-01-12 20:20:57,581  [x] b'Sensor2 - Nao tem FUMACA!!!'
2022-01-12 20:21:00,673  [x] b'Sensor1 - Nao tem FOGO!!!'
2022-01-12 20:21:00,673  [x] b'Sensor1 - Nao tem FOGO!!!'
2022-01-12 20:21:01,793  [x] b'Sensor3 - ESCURO!!!'
2022-01-12 20:21:01,794  [x] b'Sensor3 - ESCURO!!!'
2022-01-12 20:21:02,587  [x] b'Sensor2 - Nao tem FUMACA!!!'
2022-01-12 20:21:02,587  [x] b'Sensor2 - Nao tem FUMACA!!!'
2022-01-12 20:21:05,678  [x] b'Sensor1 - Nao tem FOGO!!!'
2022-01-12 20:21:05,679  [x] b'Sensor1 - Nao tem FOGO!!!'
2022-01-12 20:21:06,799  [x] b'Sensor3 - ESCURO!!!'
2022-01-12 20:21:06,800  [x] b'Sensor3 - ESCURO!!!'
2022-01-12 20:21:07,593  [x] b'Sensor2 - Nao tem FUMACA!!!'
2022-01-12 20:21:07,593  [x] b'Sensor2 - Nao tem FUMACA!!!'
2022-01-12 20:21:10,684  [x] b'Sensor1 - Nao tem FOGO!!!'
2022-01-12 20:21:10,685  [x] b'Sensor1 - Nao tem FOGO!!!'
2022-01-12 20:21:11,805  [x] b'Sensor3 - ESCURO!!!'
2022-01-12 20:21:11,805  [x] b'Sensor3 - ESCURO!!!'
2022-01-12 20:21:12,598  [x] b'Sensor2 - Nao tem FUMACA!!!'
2022-01-12 20:21:12,599  [x] b'Sensor2 - Nao tem FUMACA!!!'
2022-01-12 20:21:15,690  [x] b'Sensor1 - Nao tem FOGO!!!'
2022-01-12 20:21:15,691  [x] b'Sensor1 - Nao tem FOGO!!!'
2022-01-12 20:21:16,811  [x] b'Sensor3 - ESCURO!!!'
2022-01-12 20:21:16,811  [x] b'Sensor3 - ESCURO!!!'
2022-01-12 20:21:17,604  [x] b'Sensor2 - Nao tem FUMACA!!!'
2022-01-12 20:21:17,605  [x] b'Sensor2 - Nao tem FUMACA!!!'
2022-01-12 20:21:20,696  [x] b'Sensor1 - Nao tem FOGO!!!'
2022-01-12 20:21:20,698  [x] b'Sensor1 - Nao tem FOGO!!!'
2022-01-12 20:21:21,816  [x] b'Sensor3 - ESCURO!!!'
2022-01-12 20:21:21,817  [x] b'Sensor3 - ESCURO!!!'
2022-01-12 20:21:22,610  [x] b'Sensor2 - Nao tem FUMACA!!!'
2022-01-12 20:21:22,610  [x] b'Sensor2 - Nao tem FUMACA!!!'
2022-01-12 20:21:25,702  [x] b'Sensor1 - Nao tem FOGO!!!'
2022-01-12 20:21:25,703  [x] b'Sensor1 - Nao tem FOGO!!!'
2022-01-12 20:21:26,822  [x] b'Sensor3 - ESCURO!!!'
2022-01-12 20:21:26,822  [x] b'Sensor3 - ESCURO!!!'
2022-01-12 20:21:27,616  [x] b'Sensor2 - Nao tem FUMACA!!!'
2022-01-12 20:21:27,617  [x] b'Sensor2 - Nao tem FUMACA!!!'
2022-01-12 20:21:30,707  [x] b'Sensor1 - Nao tem FOGO!!!'
2022-01-12 20:21:30,708  [x] b'Sensor1 - Nao tem FOGO!!!'
2022-01-12 20:21:31,828  [x] b'Sensor3 - ESCURO!!!'
2022-01-12 20:21:31,829  [x] b'Sensor3 - ESCURO!!!'
2022-01-12 20:21:32,622  [x] b'Sensor2 - Nao tem FUMACA!!!'
2022-01-12 20:21:32,622  [x] b'Sensor2 - Nao tem FUMACA!!!'
2022-01-12 20:21:35,713  [x] b'Sensor1 - Nao tem FOGO!!!'
2022-01-12 20:21:35,714  [x] b'Sensor1 - Nao tem FOGO!!!'
2022-01-12 20:21:36,834  [x] b'Sensor3 - ESCURO!!!'
2022-01-12 20:21:36,836  [x] b'Sensor3 - ESCURO!!!'
2022-01-12 20:21:37,627  [x] b'Sensor2 - Nao tem FUMACA!!!'
2022-01-12 20:21:37,628  [x] b'Sensor2 - Nao tem FUMACA!!!'
2022-01-12 20:21:40,719  [x] b'Sensor1 - Nao tem FOGO!!!'
2022-01-12 20:21:40,719  [x] b'Sensor1 - Nao tem FOGO!!!'
2022-01-12 20:21:41,839  [x] b'Sensor3 - ESCURO!!!'
2022-01-12 20:21:41,840  [x] b'Sensor3 - ESCURO!!!'
2022-01-12 20:21:42,634  [x] b'Sensor2 - Nao tem FUMACA!!!'
2022-01-12 20:21:42,635  [x] b'Sensor2 - Nao tem FUMACA!!!'
2022-01-12 20:21:45,725  [x] b'Sensor1 - Nao tem FOGO!!!'
2022-01-12 20:21:45,725  [x] b'Sensor1 - Nao tem FOGO!!!'
2022-01-12 20:21:46,845  [x] b'Sensor3 - ESCURO!!!'
2022-01-12 20:21:46,845  [x] b'Sensor3 - ESCURO!!!'
2022-01-12 20:21:47,639  [x] b'Sensor2 - Nao tem FUMACA!!!'
2022-01-12 20:21:47,639  [x] b'Sensor2 - Nao tem FUMACA!!!'
2022-01-12 20:21:50,730  [x] b'Sensor1 - FOGO!!!'
2022-01-12 20:21:50,731  [x] b'Sensor1 - FOGO!!!'
2022-01-12 20:21:51,851  [x] b'Sensor3 - ESCURO!!!'
2022-01-12 20:21:51,851  [x] b'Sensor3 - ESCURO!!!'
2022-01-12 20:21:52,644  [x] b'Sensor2 - Nao tem FUMACA!!!'
2022-01-12 20:21:52,645  [x] b'Sensor2 - Nao tem FUMACA!!!'
2022-01-12 20:21:55,736  [x] b'Sensor1 - Nao tem FOGO!!!'
2022-01-12 20:21:55,736  [x] b'Sensor1 - Nao tem FOGO!!!'
2022-01-12 20:21:56,857  [x] b'Sensor3 - ESCURO!!!'
2022-01-12 20:21:56,857  [x] b'Sensor3 - ESCURO!!!'
2022-01-12 20:21:57,650  [x] b'Sensor2 - Nao tem FUMACA!!!'
2022-01-12 20:21:57,651  [x] b'Sensor2 - Nao tem FUMACA!!!'
2022-01-12 20:22:00,741  [x] b'Sensor1 - Nao tem FOGO!!!'
2022-01-12 20:22:00,742  [x] b'Sensor1 - Nao tem FOGO!!!'
2022-01-12 20:22:01,862  [x] b'Sensor3 - ESCURO!!!'
2022-01-12 20:22:01,863  [x] b'Sensor3 - ESCURO!!!'
2022-01-12 20:22:02,656  [x] b'Sensor2 - Nao tem FUMACA!!!'
2022-01-12 20:22:02,657  [x] b'Sensor2 - Nao tem FUMACA!!!'
2022-01-12 20:22:05,747  [x] b'Sensor1 - FOGO!!!'
2022-01-12 20:22:05,748  [x] b'Sensor1 - FOGO!!!'
2022-01-12 20:22:06,868  [x] b'Sensor3 - ESCURO!!!'
2022-01-12 20:22:06,869  [x] b'Sensor3 - ESCURO!!!'
2022-01-12 20:22:07,662  [x] b'Sensor2 - Nao tem FUMACA!!!'
2022-01-12 20:22:07,662  [x] b'Sensor2 - Nao tem FUMACA!!!'
2022-01-12 20:22:11,874  [x] b'Sensor3 - ESCURO!!!'
2022-01-12 20:22:11,875  [x] b'Sensor3 - ESCURO!!!'
2022-01-12 20:22:12,667  [x] b'Sensor2 - Nao tem FUMACA!!!'
2022-01-12 20:22:12,668  [x] b'Sensor2 - Nao tem FUMACA!!!'
2022-01-12 20:22:16,879  [x] b'Sensor3 - ESCURO!!!'
2022-01-12 20:22:16,880  [x] b'Sensor3 - ESCURO!!!'
2022-01-12 20:22:17,673  [x] b'Sensor2 - Nao tem FUMACA!!!'
2022-01-12 20:22:17,673  [x] b'Sensor2 - Nao tem FUMACA!!!'
2022-01-12 20:22:21,885  [x] b'Sensor3 - ESCURO!!!'
2022-01-12 20:22:21,886  [x] b'Sensor3 - ESCURO!!!'
2022-01-12 20:22:22,679  [x] b'Sensor2 - FUMACA!!!'
2022-01-12 20:22:22,680  [x] b'Sensor2 - FUMACA!!!'
2022-01-12 20:22:26,891  [x] b'Sensor3 - ESCURO!!!'
2022-01-12 20:22:26,891  [x] b'Sensor3 - ESCURO!!!'
2022-01-12 20:22:31,897  [x] b'Sensor3 - ESCURO!!!'
2022-01-12 20:22:31,897  [x] b'Sensor3 - ESCURO!!!'
2022-01-12 20:22:36,904  [x] b'Sensor3 - ESCURO!!!'
2022-01-12 20:22:36,904  [x] b'Sensor3 - ESCURO!!!'
2022-01-12 20:22:41,909  [x] b'Sensor3 - ESCURO!!!'
2022-01-12 20:22:41,909  [x] b'Sensor3 - ESCURO!!!'
2022-01-12 20:22:46,915  [x] b'Sensor3 - LUZ!!!'
2022-01-12 20:22:46,915  [x] b'Sensor3 - LUZ!!!'
2022-01-12 20:22:51,921  [x] b'Sensor3 - ESCURO!!!'
2022-01-12 20:22:51,921  [x] b'Sensor3 - ESCURO!!!'
2022-01-12 20:22:56,926  [x] b'Sensor3 - ESCURO!!!'
2022-01-12 20:22:56,927  [x] b'Sensor3 - ESCURO!!!'
2022-01-12 20:23:01,932  [x] b'Sensor3 - ESCURO!!!'
2022-01-12 20:23:01,933  [x] b'Sensor3 - ESCURO!!!'
2022-01-12 20:23:06,938  [x] b'Sensor3 - ESCURO!!!'
2022-01-12 20:23:06,938  [x] b'Sensor3 - ESCURO!!!'
2022-01-12 20:23:11,944  [x] b'Sensor3 - ESCURO!!!'
2022-01-12 20:23:11,944  [x] b'Sensor3 - ESCURO!!!'
2022-01-12 20:23:16,950  [x] b'Sensor3 - ESCURO!!!'
2022-01-12 20:23:16,950  [x] b'Sensor3 - ESCURO!!!'
2022-01-12 20:23:21,956  [x] b'Sensor3 - ESCURO!!!'
2022-01-12 20:23:21,956  [x] b'Sensor3 - ESCURO!!!'
2022-01-12 20:23:26,961  [x] b'Sensor3 - ESCURO!!!'
2022-01-12 20:23:26,962  [x] b'Sensor3 - ESCURO!!!'
2022-01-12 20:23:31,967  [x] b'Sensor3 - ESCURO!!!'
2022-01-12 20:23:31,968  [x] b'Sensor3 - ESCURO!!!'
2022-01-12 20:23:36,973  [x] b'Sensor3 - ESCURO!!!'
2022-01-12 20:23:36,974  [x] b'Sensor3 - ESCURO!!!'
2022-01-12 20:23:41,978  [x] b'Sensor3 - ESCURO!!!'
2022-01-12 20:23:41,979  [x] b'Sensor3 - ESCURO!!!'
2022-01-12 20:23:46,984  [x] b'Sensor3 - ESCURO!!!'
2022-01-12 20:23:46,985  [x] b'Sensor3 - ESCURO!!!'
2022-01-12 20:23:51,991  [x] b'Sensor3 - ESCURO!!!'
2022-01-12 20:23:51,991  [x] b'Sensor3 - ESCURO!!!'
2022-01-12 20:23:56,996  [x] b'Sensor3 - ESCURO!!!'
2022-01-12 20:23:56,997  [x] b'Sensor3 - ESCURO!!!'
2022-01-12 20:24:02,002  [x] b'Sensor3 - ESCURO!!!'
2022-01-12 20:24:02,002  [x] b'Sensor3 - ESCURO!!!'
2022-01-12 20:24:07,007  [x] b'Sensor3 - ESCURO!!!'
2022-01-12 20:24:07,008  [x] b'Sensor3 - ESCURO!!!'
2022-01-12 20:24:12,013  [x] b'Sensor3 - ESCURO!!!'
2022-01-12 20:24:12,014  [x] b'Sensor3 - ESCURO!!!'
2022-01-12 20:24:17,018  [x] b'Sensor3 - ESCURO!!!'
2022-01-12 20:24:17,019  [x] b'Sensor3 - ESCURO!!!'
2022-01-12 20:24:22,025  [x] b'Sensor3 - ESCURO!!!'
2022-01-12 20:24:22,025  [x] b'Sensor3 - ESCURO!!!'
2022-01-12 20:24:27,030  [x] b'Sensor3 - ESCURO!!!'
2022-01-12 20:24:27,031  [x] b'Sensor3 - ESCURO!!!'
2022-01-12 20:24:32,036  [x] b'Sensor3 - ESCURO!!!'
2022-01-12 20:24:32,036  [x] b'Sensor3 - ESCURO!!!'
2022-01-12 20:24:37,041  [x] b'Sensor3 - ESCURO!!!'
2022-01-12 20:24:37,042  [x] b'Sensor3 - ESCURO!!!'
2022-01-12 20:24:42,047  [x] b'Sensor3 - ESCURO!!!'
2022-01-12 20:24:42,047  [x] b'Sensor3 - ESCURO!!!'
2022-01-12 20:24:47,052  [x] b'Sensor3 - ESCURO!!!'
2022-01-12 20:24:47,053  [x] b'Sensor3 - ESCURO!!!'
2022-01-12 20:24:52,059  [x] b'Sensor3 - ESCURO!!!'
2022-01-12 20:24:52,061  [x] b'Sensor3 - ESCURO!!!'
2022-01-12 20:24:57,064  [x] b'Sensor3 - ESCURO!!!'
2022-01-12 20:24:57,065  [x] b'Sensor3 - ESCURO!!!'
2022-01-12 20:25:02,070  [x] b'Sensor3 - ESCURO!!!'
2022-01-12 20:25:02,071  [x] b'Sensor3 - ESCURO!!!'
2022-01-12 20:25:07,076  [x] b'Sensor3 - ESCURO!!!'
2022-01-12 20:25:07,076  [x] b'Sensor3 - ESCURO!!!'
2022-01-12 20:25:12,082  [x] b'Sensor3 - ESCURO!!!'
2022-01-12 20:25:12,082  [x] b'Sensor3 - ESCURO!!!'
2022-01-12 20:25:17,087  [x] b'Sensor3 - ESCURO!!!'
2022-01-12 20:25:17,088  [x] b'Sensor3 - ESCURO!!!'
2022-01-12 20:25:22,094  [x] b'Sensor3 - ESCURO!!!'
2022-01-12 20:25:22,094  [x] b'Sensor3 - ESCURO!!!'
2022-01-12 20:25:27,099  [x] b'Sensor3 - ESCURO!!!'
2022-01-12 20:25:27,100  [x] b'Sensor3 - ESCURO!!!'
2022-01-12 20:25:32,105  [x] b'Sensor3 - ESCURO!!!'
2022-01-12 20:25:32,105  [x] b'Sensor3 - ESCURO!!!'
2022-01-12 20:25:37,110  [x] b'Sensor3 - ESCURO!!!'
2022-01-12 20:25:37,111  [x] b'Sensor3 - ESCURO!!!'
2022-01-12 20:25:42,116  [x] b'Sensor3 - ESCURO!!!'
2022-01-12 20:25:42,117  [x] b'Sensor3 - ESCURO!!!'
2022-01-12 20:25:47,122  [x] b'Sensor3 - ESCURO!!!'
2022-01-12 20:25:47,122  [x] b'Sensor3 - ESCURO!!!'
2022-01-12 20:25:52,128  [x] b'Sensor3 - ESCURO!!!'
2022-01-12 20:25:52,128  [x] b'Sensor3 - ESCURO!!!'
2022-01-12 20:25:57,133  [x] b'Sensor3 - ESCURO!!!'
2022-01-12 20:25:57,134  [x] b'Sensor3 - ESCURO!!!'
2022-01-12 20:26:02,139  [x] b'Sensor3 - ESCURO!!!'
2022-01-12 20:26:02,140  [x] b'Sensor3 - ESCURO!!!'
2022-01-12 20:26:07,145  [x] b'Sensor3 - ESCURO!!!'
2022-01-12 20:26:07,145  [x] b'Sensor3 - ESCURO!!!'
2022-01-12 20:26:12,150  [x] b'Sensor3 - ESCURO!!!'
2022-01-12 20:26:12,151  [x] b'Sensor3 - ESCURO!!!'
2022-01-12 20:26:17,156  [x] b'Sensor3 - ESCURO!!!'
2022-01-12 20:26:17,157  [x] b'Sensor3 - ESCURO!!!'
2022-01-12 20:26:22,162  [x] b'Sensor3 - ESCURO!!!'
2022-01-12 20:26:22,163  [x] b'Sensor3 - ESCURO!!!'
2022-01-12 20:26:27,168  [x] b'Sensor3 - ESCURO!!!'
2022-01-12 20:26:27,168  [x] b'Sensor3 - ESCURO!!!'
2022-01-12 20:26:32,174  [x] b'Sensor3 - ESCURO!!!'
2022-01-12 20:26:32,174  [x] b'Sensor3 - ESCURO!!!'
2022-01-12 20:26:37,179  [x] b'Sensor3 - ESCURO!!!'
2022-01-12 20:26:37,180  [x] b'Sensor3 - ESCURO!!!'
2022-01-12 20:26:42,185  [x] b'Sensor3 - ESCURO!!!'
2022-01-12 20:26:42,186  [x] b'Sensor3 - ESCURO!!!'
2022-01-12 20:26:47,190  [x] b'Sensor3 - ESCURO!!!'
2022-01-12 20:26:47,191  [x] b'Sensor3 - ESCURO!!!'
2022-01-12 20:26:52,196  [x] b'Sensor3 - ESCURO!!!'
2022-01-12 20:26:52,197  [x] b'Sensor3 - ESCURO!!!'
2022-01-12 20:26:57,202  [x] b'Sensor3 - ESCURO!!!'
2022-01-12 20:26:57,203  [x] b'Sensor3 - ESCURO!!!'
2022-01-12 20:27:02,207  [x] b'Sensor3 - ESCURO!!!'
2022-01-12 20:27:02,208  [x] b'Sensor3 - ESCURO!!!'
2022-01-12 20:27:07,213  [x] b'Sensor3 - ESCURO!!!'
2022-01-12 20:27:07,214  [x] b'Sensor3 - ESCURO!!!'
2022-01-12 20:27:12,219  [x] b'Sensor3 - ESCURO!!!'
2022-01-12 20:27:12,219  [x] b'Sensor3 - ESCURO!!!'
2022-01-12 20:27:17,224  [x] b'Sensor3 - ESCURO!!!'
2022-01-12 20:27:17,225  [x] b'Sensor3 - ESCURO!!!'
2022-01-12 20:27:22,230  [x] b'Sensor3 - ESCURO!!!'
2022-01-12 20:27:22,231  [x] b'Sensor3 - ESCURO!!!'
2022-01-12 20:27:27,237  [x] b'Sensor3 - ESCURO!!!'
2022-01-12 20:27:27,238  [x] b'Sensor3 - ESCURO!!!'
2022-01-12 20:27:32,242  [x] b'Sensor3 - ESCURO!!!'
2022-01-12 20:27:32,242  [x] b'Sensor3 - ESCURO!!!'
2022-01-12 20:27:37,248  [x] b'Sensor3 - ESCURO!!!'
2022-01-12 20:27:37,248  [x] b'Sensor3 - ESCURO!!!'
2022-01-12 20:27:42,253  [x] b'Sensor3 - ESCURO!!!'
2022-01-12 20:27:42,254  [x] b'Sensor3 - ESCURO!!!'
2022-01-12 20:27:47,259  [x] b'Sensor3 - ESCURO!!!'
2022-01-12 20:27:47,259  [x] b'Sensor3 - ESCURO!!!'
2022-01-12 20:27:52,265  [x] b'Sensor3 - ESCURO!!!'
2022-01-12 20:27:52,265  [x] b'Sensor3 - ESCURO!!!'
2022-01-12 20:27:57,271  [x] b'Sensor3 - ESCURO!!!'
2022-01-12 20:27:57,271  [x] b'Sensor3 - ESCURO!!!'
2022-01-12 20:28:02,276  [x] b'Sensor3 - ESCURO!!!'
2022-01-12 20:28:02,277  [x] b'Sensor3 - ESCURO!!!'
2022-01-12 20:28:07,282  [x] b'Sensor3 - ESCURO!!!'
2022-01-12 20:28:07,283  [x] b'Sensor3 - ESCURO!!!'
2022-01-12 20:28:12,288  [x] b'Sensor3 - ESCURO!!!'
2022-01-12 20:28:12,288  [x] b'Sensor3 - ESCURO!!!'
2022-01-12 20:28:17,293  [x] b'Sensor3 - ESCURO!!!'
2022-01-12 20:28:17,294  [x] b'Sensor3 - ESCURO!!!'
2022-01-12 20:28:22,299  [x] b'Sensor3 - ESCURO!!!'
2022-01-12 20:28:22,299  [x] b'Sensor3 - ESCURO!!!'
2022-01-12 20:28:27,305  [x] b'Sensor3 - ESCURO!!!'
2022-01-12 20:28:27,306  [x] b'Sensor3 - ESCURO!!!'
2022-01-12 20:28:32,311  [x] b'Sensor3 - ESCURO!!!'
2022-01-12 20:28:32,311  [x] b'Sensor3 - ESCURO!!!'
2022-01-12 20:28:37,317  [x] b'Sensor3 - ESCURO!!!'
2022-01-12 20:28:37,318  [x] b'Sensor3 - ESCURO!!!'
2022-01-12 20:28:42,322  [x] b'Sensor3 - ESCURO!!!'
2022-01-12 20:28:42,323  [x] b'Sensor3 - ESCURO!!!'
2022-01-12 20:28:47,328  [x] b'Sensor3 - ESCURO!!!'
2022-01-12 20:28:47,329  [x] b'Sensor3 - ESCURO!!!'
2022-01-12 20:28:52,334  [x] b'Sensor3 - ESCURO!!!'
2022-01-12 20:28:52,335  [x] b'Sensor3 - ESCURO!!!'
2022-01-12 20:28:57,340  [x] b'Sensor3 - ESCURO!!!'
2022-01-12 20:28:57,340  [x] b'Sensor3 - ESCURO!!!'
2022-01-12 20:29:02,345  [x] b'Sensor3 - ESCURO!!!'
2022-01-12 20:29:02,346  [x] b'Sensor3 - ESCURO!!!'
2022-01-12 20:29:07,351  [x] b'Sensor3 - ESCURO!!!'
2022-01-12 20:29:07,352  [x] b'Sensor3 - ESCURO!!!'
2022-01-12 20:29:12,357  [x] b'Sensor3 - ESCURO!!!'
2022-01-12 20:29:12,358  [x] b'Sensor3 - ESCURO!!!'
2022-01-12 20:29:17,363  [x] b'Sensor3 - ESCURO!!!'
2022-01-12 20:29:17,363  [x] b'Sensor3 - ESCURO!!!'
2022-01-12 20:29:22,368  [x] b'Sensor3 - ESCURO!!!'
2022-01-12 20:29:22,369  [x] b'Sensor3 - ESCURO!!!'
2022-01-12 20:29:27,374  [x] b'Sensor3 - ESCURO!!!'
2022-01-12 20:29:27,375  [x] b'Sensor3 - ESCURO!!!'
2022-01-12 20:29:32,380  [x] b'Sensor3 - ESCURO!!!'
2022-01-12 20:29:32,381  [x] b'Sensor3 - ESCURO!!!'
2022-01-12 20:29:37,386  [x] b'Sensor3 - ESCURO!!!'
2022-01-12 20:29:37,386  [x] b'Sensor3 - ESCURO!!!'
2022-01-12 20:29:42,391  [x] b'Sensor3 - ESCURO!!!'
2022-01-12 20:29:42,392  [x] b'Sensor3 - ESCURO!!!'
2022-01-12 20:29:47,397  [x] b'Sensor3 - LUZ!!!'
2022-01-12 20:29:47,398  [x] b'Sensor3 - LUZ!!!'
2022-01-12 20:29:52,403  [x] b'Sensor3 - ESCURO!!!'
2022-01-12 20:29:52,403  [x] b'Sensor3 - ESCURO!!!'
2022-01-12 20:29:57,408  [x] b'Sensor3 - ESCURO!!!'
2022-01-12 20:29:57,409  [x] b'Sensor3 - ESCURO!!!'
2022-01-12 20:30:02,414  [x] b'Sensor3 - ESCURO!!!'
2022-01-12 20:30:02,415  [x] b'Sensor3 - ESCURO!!!'
2022-01-12 20:30:07,420  [x] b'Sensor3 - ESCURO!!!'
2022-01-12 20:30:07,420  [x] b'Sensor3 - ESCURO!!!'
2022-01-12 20:30:12,426  [x] b'Sensor3 - ESCURO!!!'
2022-01-12 20:30:12,427  [x] b'Sensor3 - ESCURO!!!'
2022-01-12 20:30:17,431  [x] b'Sensor3 - ESCURO!!!'
2022-01-12 20:30:17,432  [x] b'Sensor3 - ESCURO!!!'
2022-01-12 20:30:22,437  [x] b'Sensor3 - ESCURO!!!'
2022-01-12 20:30:22,438  [x] b'Sensor3 - ESCURO!!!'
